<?xml version="1.0" encoding="UTF-8"?>
<!-- Generated by org.testng.reporters.JUnitReportReporter -->
<testsuite hostname="LAPTOP-ODIK6SBS" failures="0" tests="1" name="Web.Automation.NavigationCommands" time="31.677" errors="0" timestamp="11 Oct 2023 06:12:08 GMT" skipped="0">
  <testcase classname="Web.Automation.NavigationCommands" name="ExceuteUrl" time="31.677"/>
</testsuite> <!-- Web.Automation.NavigationCommands -->
