<?xml version="1.0" encoding="UTF-8"?>
<!-- Generated by org.testng.reporters.JUnitReportReporter -->
<testsuite hostname="LAPTOP-ODIK6SBS" failures="0" tests="1" name="Web.Automation.FluentWait" time="9.450" errors="0" timestamp="26 Aug 2024 07:56:50 GMT" skipped="0">
  <testcase classname="Web.Automation.FluentWait" name="executeUrl" time="9.450"/>
</testsuite> <!-- Web.Automation.FluentWait -->
