<?xml version="1.0" encoding="UTF-8"?>
<!-- Generated by org.testng.reporters.JUnitReportReporter -->
<testsuite hostname="LAPTOP-ODIK6SBS" failures="0" tests="1" name="Web.Automation.Synchronization" time="8.211" errors="0" timestamp="26 Aug 2024 07:00:15 GMT" skipped="0">
  <testcase classname="Web.Automation.Synchronization" name="executeUrl" time="8.211"/>
</testsuite> <!-- Web.Automation.Synchronization -->
