<?xml version="1.0" encoding="UTF-8"?>
<!-- Generated by org.testng.reporters.JUnitReportReporter -->
<testsuite hostname="LAPTOP-ODIK6SBS" failures="0" tests="1" name="Web.Automation.firstAutomation" time="7.136" errors="0" timestamp="2023-10-05T20:06:18 BDT" skipped="0">
  <testcase classname="Web.Automation.firstAutomation" name="OpenUrl" time="7.136"/>
</testsuite> <!-- Web.Automation.firstAutomation -->
