<?xml version="1.0" encoding="UTF-8"?>
<!-- Generated by org.testng.reporters.JUnitReportReporter -->
<testsuite hostname="LAPTOP-ODIK6SBS" failures="0" tests="1" name="Web.Automation.Locator" time="23.337" errors="0" timestamp="09 Oct 2023 16:42:41 GMT" skipped="0">
  <testcase classname="Web.Automation.Locator" name="StartUrl" time="23.337"/>
</testsuite> <!-- Web.Automation.Locator -->
