<?xml version="1.0" encoding="UTF-8"?>
<!-- Generated by org.testng.reporters.JUnitReportReporter -->
<testsuite hostname="LAPTOP-ODIK6SBS" failures="0" tests="5" name="Web.Automation.TestNGAnnotations" time="0.013" errors="0" timestamp="05 Oct 2023 14:46:29 GMT" skipped="0">
  <testcase classname="Web.Automation.TestNGAnnotations" name="beforeSuiteExample" time="0.004"/>
  <testcase classname="Web.Automation.TestNGAnnotations" name="Sum1" time="0.001"/>
  <testcase classname="Web.Automation.TestNGAnnotations" name="Testzxample" time="0.001"/>
  <testcase classname="Web.Automation.TestNGAnnotations" name="Sum2" time="0.004"/>
  <testcase classname="Web.Automation.TestNGAnnotations" name="firstTest" time="0.003"/>
</testsuite> <!-- Web.Automation.TestNGAnnotations -->
