<?xml version="1.0" encoding="UTF-8"?>
<!-- Generated by org.testng.reporters.JUnitReportReporter -->
<testsuite hostname="LAPTOP-ODIK6SBS" failures="0" tests="1" name="Web.Automation.PageScrollerDownUP" time="19.122" errors="0" timestamp="18 Oct 2023 15:45:57 GMT" skipped="0">
  <testcase classname="Web.Automation.PageScrollerDownUP" name="ExcetueURL" time="19.122"/>
</testsuite> <!-- Web.Automation.PageScrollerDownUP -->
