<?xml version="1.0" encoding="UTF-8"?>
<!-- Generated by org.testng.reporters.JUnitReportReporter -->
<testsuite hostname="LAPTOP-ODIK6SBS" failures="0" tests="1" name="Web.Automation.firstAutomation" time="9.808" errors="0" timestamp="2023-10-05T19:47:23 BDT" skipped="0">
  <testcase classname="Web.Automation.firstAutomation" name="OpenUrl" time="9.808"/>
</testsuite> <!-- Web.Automation.firstAutomation -->
