<?xml version="1.0" encoding="UTF-8"?>
<!-- Generated by org.testng.reporters.JUnitReportReporter -->
<testsuite hostname="LAPTOP-ODIK6SBS" failures="0" tests="1" name="Web.Automation.CopyPaste" time="20.790" errors="0" timestamp="12 Oct 2023 04:40:23 GMT" skipped="0">
  <testcase classname="Web.Automation.CopyPaste" name="StartUrl" time="20.790"/>
</testsuite> <!-- Web.Automation.CopyPaste -->
