<?xml version="1.0" encoding="UTF-8"?>
<!-- Generated by org.testng.reporters.JUnitReportReporter -->
<testsuite hostname="LAPTOP-ODIK6SBS" failures="0" tests="1" name="Web.Automation.IdLocator" time="7.813" errors="0" timestamp="10 Oct 2023 14:01:49 GMT" skipped="0">
  <testcase classname="Web.Automation.IdLocator" name="ExceuteUrl" time="7.813"/>
</testsuite> <!-- Web.Automation.IdLocator -->
