<?xml version="1.0" encoding="UTF-8"?>
<!-- Generated by org.testng.reporters.JUnitReportReporter -->
<testsuite hostname="LAPTOP-ODIK6SBS" failures="0" tests="1" name="Web.Automation.hoverSystemRokomari" time="40.486" errors="0" timestamp="05 Nov 2023 16:32:39 GMT" skipped="0">
  <testcase classname="Web.Automation.hoverSystemRokomari" name="start" time="40.486"/>
</testsuite> <!-- Web.Automation.hoverSystemRokomari -->
