<?xml version="1.0" encoding="UTF-8"?>
<!-- Generated by org.testng.reporters.JUnitReportReporter -->
<testsuite hostname="LAPTOP-ODIK6SBS" failures="0" tests="1" name="Web.Automation.HoverElements" time="19.764" errors="0" timestamp="12 Oct 2023 04:26:46 GMT" skipped="0">
  <testcase classname="Web.Automation.HoverElements" name="ExceuteUrl" time="19.764"/>
</testsuite> <!-- Web.Automation.HoverElements -->
