<?xml version="1.0" encoding="UTF-8"?>
<!-- Generated by org.testng.reporters.JUnitReportReporter -->
<testsuite hostname="LAPTOP-ODIK6SBS" failures="0" tests="1" name="Web.Automation.LinkText" time="24.763" errors="0" timestamp="10 Oct 2023 14:21:34 GMT" skipped="0">
  <testcase classname="Web.Automation.LinkText" name="ExceuteUrl" time="24.763"/>
</testsuite> <!-- Web.Automation.LinkText -->
