<?xml version="1.0" encoding="UTF-8"?>
<!-- Generated by org.testng.reporters.JUnitReportReporter -->
<testsuite hostname="LAPTOP-ODIK6SBS" failures="0" tests="1" name="Web.Automation.BrowserCommands" time="8.013" errors="0" timestamp="11 Oct 2023 07:06:48 GMT" skipped="0">
  <testcase classname="Web.Automation.BrowserCommands" name="ExceuteUrl" time="8.013"/>
</testsuite> <!-- Web.Automation.BrowserCommands -->
