<?xml version="1.0" encoding="UTF-8"?>
<!-- Generated by org.testng.reporters.JUnitReportReporter -->
<testsuite hostname="LAPTOP-ODIK6SBS" failures="0" tests="1" name="Web.Automation.hoverSystemRokomari" time="41.234" errors="0" timestamp="05 Nov 2023 07:05:30 GMT" skipped="0">
  <testcase classname="Web.Automation.hoverSystemRokomari" name="start" time="41.234"/>
</testsuite> <!-- Web.Automation.hoverSystemRokomari -->
