<?xml version="1.0" encoding="UTF-8"?>
<!-- Generated by org.testng.reporters.JUnitReportReporter -->
<testsuite hostname="LAPTOP-ODIK6SBS" failures="0" tests="1" name="Web.Automation.xpathBasic" time="102.350" errors="0" timestamp="10 Oct 2023 15:03:48 GMT" skipped="0">
  <testcase classname="Web.Automation.xpathBasic" name="StartUrl" time="102.350"/>
</testsuite> <!-- Web.Automation.xpathBasic -->
