<?xml version="1.0" encoding="UTF-8"?>
<!-- Generated by org.testng.reporters.JUnitReportReporter -->
<testsuite hostname="LAPTOP-ODIK6SBS" failures="0" tests="1" name="Web.Automation.Alert" time="30.258" errors="0" timestamp="12 Oct 2023 03:49:33 GMT" skipped="0">
  <testcase classname="Web.Automation.Alert" name="ExceuteUrl" time="30.258"/>
</testsuite> <!-- Web.Automation.Alert -->
