<?xml version="1.0" encoding="UTF-8"?>
<!-- Generated by org.testng.reporters.JUnitReportReporter -->
<testsuite hostname="LAPTOP-ODIK6SBS" failures="0" tests="1" name="Web.Automation.iframes" time="16.441" errors="0" timestamp="18 Oct 2023 16:46:37 GMT" skipped="0">
  <testcase classname="Web.Automation.iframes" name="ExcetueURL" time="16.441"/>
</testsuite> <!-- Web.Automation.iframes -->
