<?xml version="1.0" encoding="UTF-8"?>
<!-- Generated by org.testng.reporters.JUnitReportReporter -->
<testsuite hostname="LAPTOP-ODIK6SBS" failures="0" tests="1" name="Web.Automation.Locator" time="12.861" errors="0" timestamp="08 Oct 2023 09:14:17 GMT" skipped="0">
  <testcase classname="Web.Automation.Locator" name="StartUrl" time="12.861"/>
</testsuite> <!-- Web.Automation.Locator -->
