<?xml version="1.0" encoding="UTF-8"?>
<!-- Generated by org.testng.reporters.JUnitReportReporter -->
<testsuite hostname="LAPTOP-ODIK6SBS" failures="0" tests="1" name="Web.Automation.CssSelectorLocator" time="19.223" errors="0" timestamp="10 Oct 2023 10:14:22 GMT" skipped="0">
  <testcase classname="Web.Automation.CssSelectorLocator" name="StartUrl" time="19.223"/>
</testsuite> <!-- Web.Automation.CssSelectorLocator -->
