<?xml version="1.0" encoding="UTF-8"?>
<!-- Generated by org.testng.reporters.JUnitReportReporter -->
<testsuite hostname="LAPTOP-ODIK6SBS" failures="0" tests="1" name="Web.Automation.VisibilityExamples" time="4.817" errors="0" timestamp="19 Oct 2023 13:16:38 GMT" skipped="0">
  <testcase classname="Web.Automation.VisibilityExamples" name="ExceuteUrl" time="4.817"/>
</testsuite> <!-- Web.Automation.VisibilityExamples -->
